#! /usr/local/Cellar/icarus-verilog/11.0/bin/vvp
:ivl_version "11.0 (stable)";
:ivl_delay_selection "TYPICAL";
:vpi_time_precision - 12;
:vpi_module "/usr/local/Cellar/icarus-verilog/11.0/lib/ivl/system.vpi";
:vpi_module "/usr/local/Cellar/icarus-verilog/11.0/lib/ivl/vhdl_sys.vpi";
:vpi_module "/usr/local/Cellar/icarus-verilog/11.0/lib/ivl/vhdl_textio.vpi";
:vpi_module "/usr/local/Cellar/icarus-verilog/11.0/lib/ivl/v2005_math.vpi";
:vpi_module "/usr/local/Cellar/icarus-verilog/11.0/lib/ivl/va_math.vpi";
S_0x7fa4501201d0 .scope module, "top" "top" 2 24;
 .timescale -9 -12;
v0x7fa45011ffc0 .array "GPR", 0 31, 15 0;
v0x7fa450130330_0 .var "IR", 31 0;
v0x7fa4501303d0_0 .var "SGPR", 15 0;
v0x7fa450130480_0 .var "carry", 0 0;
v0x7fa450130520_0 .var "mul_res", 31 0;
v0x7fa450130610_0 .var "overflow", 0 0;
v0x7fa4501306b0_0 .var "sign", 0 0;
v0x7fa450130750_0 .var "temp_sum", 16 0;
v0x7fa450130800_0 .var "zero", 0 0;
v0x7fa45011ffc0_0 .array/port v0x7fa45011ffc0, 0;
v0x7fa45011ffc0_1 .array/port v0x7fa45011ffc0, 1;
E_0x7fa45011dac0/0 .event edge, v0x7fa450130330_0, v0x7fa4501303d0_0, v0x7fa45011ffc0_0, v0x7fa45011ffc0_1;
v0x7fa45011ffc0_2 .array/port v0x7fa45011ffc0, 2;
v0x7fa45011ffc0_3 .array/port v0x7fa45011ffc0, 3;
v0x7fa45011ffc0_4 .array/port v0x7fa45011ffc0, 4;
v0x7fa45011ffc0_5 .array/port v0x7fa45011ffc0, 5;
E_0x7fa45011dac0/1 .event edge, v0x7fa45011ffc0_2, v0x7fa45011ffc0_3, v0x7fa45011ffc0_4, v0x7fa45011ffc0_5;
v0x7fa45011ffc0_6 .array/port v0x7fa45011ffc0, 6;
v0x7fa45011ffc0_7 .array/port v0x7fa45011ffc0, 7;
v0x7fa45011ffc0_8 .array/port v0x7fa45011ffc0, 8;
v0x7fa45011ffc0_9 .array/port v0x7fa45011ffc0, 9;
E_0x7fa45011dac0/2 .event edge, v0x7fa45011ffc0_6, v0x7fa45011ffc0_7, v0x7fa45011ffc0_8, v0x7fa45011ffc0_9;
v0x7fa45011ffc0_10 .array/port v0x7fa45011ffc0, 10;
v0x7fa45011ffc0_11 .array/port v0x7fa45011ffc0, 11;
v0x7fa45011ffc0_12 .array/port v0x7fa45011ffc0, 12;
v0x7fa45011ffc0_13 .array/port v0x7fa45011ffc0, 13;
E_0x7fa45011dac0/3 .event edge, v0x7fa45011ffc0_10, v0x7fa45011ffc0_11, v0x7fa45011ffc0_12, v0x7fa45011ffc0_13;
v0x7fa45011ffc0_14 .array/port v0x7fa45011ffc0, 14;
v0x7fa45011ffc0_15 .array/port v0x7fa45011ffc0, 15;
v0x7fa45011ffc0_16 .array/port v0x7fa45011ffc0, 16;
v0x7fa45011ffc0_17 .array/port v0x7fa45011ffc0, 17;
E_0x7fa45011dac0/4 .event edge, v0x7fa45011ffc0_14, v0x7fa45011ffc0_15, v0x7fa45011ffc0_16, v0x7fa45011ffc0_17;
v0x7fa45011ffc0_18 .array/port v0x7fa45011ffc0, 18;
v0x7fa45011ffc0_19 .array/port v0x7fa45011ffc0, 19;
v0x7fa45011ffc0_20 .array/port v0x7fa45011ffc0, 20;
v0x7fa45011ffc0_21 .array/port v0x7fa45011ffc0, 21;
E_0x7fa45011dac0/5 .event edge, v0x7fa45011ffc0_18, v0x7fa45011ffc0_19, v0x7fa45011ffc0_20, v0x7fa45011ffc0_21;
v0x7fa45011ffc0_22 .array/port v0x7fa45011ffc0, 22;
v0x7fa45011ffc0_23 .array/port v0x7fa45011ffc0, 23;
v0x7fa45011ffc0_24 .array/port v0x7fa45011ffc0, 24;
v0x7fa45011ffc0_25 .array/port v0x7fa45011ffc0, 25;
E_0x7fa45011dac0/6 .event edge, v0x7fa45011ffc0_22, v0x7fa45011ffc0_23, v0x7fa45011ffc0_24, v0x7fa45011ffc0_25;
v0x7fa45011ffc0_26 .array/port v0x7fa45011ffc0, 26;
v0x7fa45011ffc0_27 .array/port v0x7fa45011ffc0, 27;
v0x7fa45011ffc0_28 .array/port v0x7fa45011ffc0, 28;
v0x7fa45011ffc0_29 .array/port v0x7fa45011ffc0, 29;
E_0x7fa45011dac0/7 .event edge, v0x7fa45011ffc0_26, v0x7fa45011ffc0_27, v0x7fa45011ffc0_28, v0x7fa45011ffc0_29;
v0x7fa45011ffc0_30 .array/port v0x7fa45011ffc0, 30;
v0x7fa45011ffc0_31 .array/port v0x7fa45011ffc0, 31;
E_0x7fa45011dac0/8 .event edge, v0x7fa45011ffc0_30, v0x7fa45011ffc0_31, v0x7fa450130750_0;
E_0x7fa45011dac0 .event/or E_0x7fa45011dac0/0, E_0x7fa45011dac0/1, E_0x7fa45011dac0/2, E_0x7fa45011dac0/3, E_0x7fa45011dac0/4, E_0x7fa45011dac0/5, E_0x7fa45011dac0/6, E_0x7fa45011dac0/7, E_0x7fa45011dac0/8;
E_0x7fa45011d700/0 .event edge, v0x7fa450130330_0, v0x7fa4501303d0_0, v0x7fa45011ffc0_0, v0x7fa45011ffc0_1;
E_0x7fa45011d700/1 .event edge, v0x7fa45011ffc0_2, v0x7fa45011ffc0_3, v0x7fa45011ffc0_4, v0x7fa45011ffc0_5;
E_0x7fa45011d700/2 .event edge, v0x7fa45011ffc0_6, v0x7fa45011ffc0_7, v0x7fa45011ffc0_8, v0x7fa45011ffc0_9;
E_0x7fa45011d700/3 .event edge, v0x7fa45011ffc0_10, v0x7fa45011ffc0_11, v0x7fa45011ffc0_12, v0x7fa45011ffc0_13;
E_0x7fa45011d700/4 .event edge, v0x7fa45011ffc0_14, v0x7fa45011ffc0_15, v0x7fa45011ffc0_16, v0x7fa45011ffc0_17;
E_0x7fa45011d700/5 .event edge, v0x7fa45011ffc0_18, v0x7fa45011ffc0_19, v0x7fa45011ffc0_20, v0x7fa45011ffc0_21;
E_0x7fa45011d700/6 .event edge, v0x7fa45011ffc0_22, v0x7fa45011ffc0_23, v0x7fa45011ffc0_24, v0x7fa45011ffc0_25;
E_0x7fa45011d700/7 .event edge, v0x7fa45011ffc0_26, v0x7fa45011ffc0_27, v0x7fa45011ffc0_28, v0x7fa45011ffc0_29;
E_0x7fa45011d700/8 .event edge, v0x7fa45011ffc0_30, v0x7fa45011ffc0_31, v0x7fa450130520_0;
E_0x7fa45011d700 .event/or E_0x7fa45011d700/0, E_0x7fa45011d700/1, E_0x7fa45011d700/2, E_0x7fa45011d700/3, E_0x7fa45011d700/4, E_0x7fa45011d700/5, E_0x7fa45011d700/6, E_0x7fa45011d700/7, E_0x7fa45011d700/8;
    .scope S_0x7fa4501201d0;
T_0 ;
    %pushi/vec4 0, 0, 1;
    %store/vec4 v0x7fa4501306b0_0, 0, 1;
    %pushi/vec4 0, 0, 1;
    %store/vec4 v0x7fa450130800_0, 0, 1;
    %pushi/vec4 0, 0, 1;
    %store/vec4 v0x7fa450130610_0, 0, 1;
    %pushi/vec4 0, 0, 1;
    %store/vec4 v0x7fa450130480_0, 0, 1;
    %end;
    .thread T_0;
    .scope S_0x7fa4501201d0;
T_1 ;
    %wait E_0x7fa45011d700;
    %load/vec4 v0x7fa450130330_0;
    %parti/s 5, 27, 6;
    %dup/vec4;
    %pushi/vec4 0, 0, 5;
    %cmp/u;
    %jmp/1 T_1.0, 6;
    %dup/vec4;
    %pushi/vec4 1, 0, 5;
    %cmp/u;
    %jmp/1 T_1.1, 6;
    %dup/vec4;
    %pushi/vec4 2, 0, 5;
    %cmp/u;
    %jmp/1 T_1.2, 6;
    %dup/vec4;
    %pushi/vec4 3, 0, 5;
    %cmp/u;
    %jmp/1 T_1.3, 6;
    %dup/vec4;
    %pushi/vec4 4, 0, 5;
    %cmp/u;
    %jmp/1 T_1.4, 6;
    %dup/vec4;
    %pushi/vec4 5, 0, 5;
    %cmp/u;
    %jmp/1 T_1.5, 6;
    %dup/vec4;
    %pushi/vec4 6, 0, 5;
    %cmp/u;
    %jmp/1 T_1.6, 6;
    %dup/vec4;
    %pushi/vec4 7, 0, 5;
    %cmp/u;
    %jmp/1 T_1.7, 6;
    %dup/vec4;
    %pushi/vec4 8, 0, 5;
    %cmp/u;
    %jmp/1 T_1.8, 6;
    %dup/vec4;
    %pushi/vec4 9, 0, 5;
    %cmp/u;
    %jmp/1 T_1.9, 6;
    %dup/vec4;
    %pushi/vec4 10, 0, 5;
    %cmp/u;
    %jmp/1 T_1.10, 6;
    %dup/vec4;
    %pushi/vec4 11, 0, 5;
    %cmp/u;
    %jmp/1 T_1.11, 6;
    %jmp T_1.12;
T_1.0 ;
    %load/vec4 v0x7fa4501303d0_0;
    %load/vec4 v0x7fa450130330_0;
    %parti/s 5, 22, 6;
    %pad/u 7;
    %ix/vec4 4;
    %store/vec4a v0x7fa45011ffc0, 4, 0;
    %jmp T_1.12;
T_1.1 ;
    %load/vec4 v0x7fa450130330_0;
    %parti/s 1, 16, 6;
    %flag_set/vec4 8;
    %jmp/0xz  T_1.13, 8;
    %load/vec4 v0x7fa450130330_0;
    %parti/s 16, 0, 2;
    %load/vec4 v0x7fa450130330_0;
    %parti/s 5, 22, 6;
    %pad/u 7;
    %ix/vec4 4;
    %store/vec4a v0x7fa45011ffc0, 4, 0;
    %jmp T_1.14;
T_1.13 ;
    %load/vec4 v0x7fa450130330_0;
    %parti/s 5, 17, 6;
    %pad/u 7;
    %ix/vec4 4;
    %load/vec4a v0x7fa45011ffc0, 4;
    %load/vec4 v0x7fa450130330_0;
    %parti/s 5, 22, 6;
    %pad/u 7;
    %ix/vec4 4;
    %store/vec4a v0x7fa45011ffc0, 4, 0;
T_1.14 ;
    %jmp T_1.12;
T_1.2 ;
    %load/vec4 v0x7fa450130330_0;
    %parti/s 1, 16, 6;
    %flag_set/vec4 8;
    %jmp/0xz  T_1.15, 8;
    %load/vec4 v0x7fa450130330_0;
    %parti/s 5, 17, 6;
    %pad/u 7;
    %ix/vec4 4;
    %load/vec4a v0x7fa45011ffc0, 4;
    %load/vec4 v0x7fa450130330_0;
    %parti/s 16, 0, 2;
    %add;
    %load/vec4 v0x7fa450130330_0;
    %parti/s 5, 22, 6;
    %pad/u 7;
    %ix/vec4 4;
    %store/vec4a v0x7fa45011ffc0, 4, 0;
    %jmp T_1.16;
T_1.15 ;
    %load/vec4 v0x7fa450130330_0;
    %parti/s 5, 17, 6;
    %pad/u 7;
    %ix/vec4 4;
    %load/vec4a v0x7fa45011ffc0, 4;
    %load/vec4 v0x7fa450130330_0;
    %parti/s 5, 11, 5;
    %pad/u 7;
    %ix/vec4 4;
    %load/vec4a v0x7fa45011ffc0, 4;
    %add;
    %load/vec4 v0x7fa450130330_0;
    %parti/s 5, 22, 6;
    %pad/u 7;
    %ix/vec4 4;
    %store/vec4a v0x7fa45011ffc0, 4, 0;
T_1.16 ;
    %jmp T_1.12;
T_1.3 ;
    %load/vec4 v0x7fa450130330_0;
    %parti/s 1, 16, 6;
    %flag_set/vec4 8;
    %jmp/0xz  T_1.17, 8;
    %load/vec4 v0x7fa450130330_0;
    %parti/s 5, 17, 6;
    %pad/u 7;
    %ix/vec4 4;
    %load/vec4a v0x7fa45011ffc0, 4;
    %load/vec4 v0x7fa450130330_0;
    %parti/s 16, 0, 2;
    %sub;
    %load/vec4 v0x7fa450130330_0;
    %parti/s 5, 22, 6;
    %pad/u 7;
    %ix/vec4 4;
    %store/vec4a v0x7fa45011ffc0, 4, 0;
    %jmp T_1.18;
T_1.17 ;
    %load/vec4 v0x7fa450130330_0;
    %parti/s 5, 17, 6;
    %pad/u 7;
    %ix/vec4 4;
    %load/vec4a v0x7fa45011ffc0, 4;
    %load/vec4 v0x7fa450130330_0;
    %parti/s 5, 11, 5;
    %pad/u 7;
    %ix/vec4 4;
    %load/vec4a v0x7fa45011ffc0, 4;
    %sub;
    %load/vec4 v0x7fa450130330_0;
    %parti/s 5, 22, 6;
    %pad/u 7;
    %ix/vec4 4;
    %store/vec4a v0x7fa45011ffc0, 4, 0;
T_1.18 ;
    %jmp T_1.12;
T_1.4 ;
    %load/vec4 v0x7fa450130330_0;
    %parti/s 1, 16, 6;
    %flag_set/vec4 8;
    %jmp/0xz  T_1.19, 8;
    %load/vec4 v0x7fa450130330_0;
    %parti/s 5, 17, 6;
    %pad/u 7;
    %ix/vec4 4;
    %load/vec4a v0x7fa45011ffc0, 4;
    %pad/u 32;
    %load/vec4 v0x7fa450130330_0;
    %parti/s 16, 0, 2;
    %pad/u 32;
    %mul;
    %store/vec4 v0x7fa450130520_0, 0, 32;
    %jmp T_1.20;
T_1.19 ;
    %load/vec4 v0x7fa450130330_0;
    %parti/s 5, 17, 6;
    %pad/u 7;
    %ix/vec4 4;
    %load/vec4a v0x7fa45011ffc0, 4;
    %pad/u 32;
    %load/vec4 v0x7fa450130330_0;
    %parti/s 5, 11, 5;
    %pad/u 7;
    %ix/vec4 4;
    %load/vec4a v0x7fa45011ffc0, 4;
    %pad/u 32;
    %mul;
    %store/vec4 v0x7fa450130520_0, 0, 32;
T_1.20 ;
    %load/vec4 v0x7fa450130520_0;
    %parti/s 16, 0, 2;
    %load/vec4 v0x7fa450130330_0;
    %parti/s 5, 22, 6;
    %pad/u 7;
    %ix/vec4 4;
    %store/vec4a v0x7fa45011ffc0, 4, 0;
    %load/vec4 v0x7fa450130520_0;
    %parti/s 16, 16, 6;
    %store/vec4 v0x7fa4501303d0_0, 0, 16;
    %jmp T_1.12;
T_1.5 ;
    %load/vec4 v0x7fa450130330_0;
    %parti/s 1, 16, 6;
    %flag_set/vec4 8;
    %jmp/0xz  T_1.21, 8;
    %load/vec4 v0x7fa450130330_0;
    %parti/s 5, 17, 6;
    %pad/u 7;
    %ix/vec4 4;
    %load/vec4a v0x7fa45011ffc0, 4;
    %load/vec4 v0x7fa450130330_0;
    %parti/s 16, 0, 2;
    %or;
    %load/vec4 v0x7fa450130330_0;
    %parti/s 5, 22, 6;
    %pad/u 7;
    %ix/vec4 4;
    %store/vec4a v0x7fa45011ffc0, 4, 0;
    %jmp T_1.22;
T_1.21 ;
    %load/vec4 v0x7fa450130330_0;
    %parti/s 5, 17, 6;
    %pad/u 7;
    %ix/vec4 4;
    %load/vec4a v0x7fa45011ffc0, 4;
    %load/vec4 v0x7fa450130330_0;
    %parti/s 5, 11, 5;
    %pad/u 7;
    %ix/vec4 4;
    %load/vec4a v0x7fa45011ffc0, 4;
    %or;
    %load/vec4 v0x7fa450130330_0;
    %parti/s 5, 22, 6;
    %pad/u 7;
    %ix/vec4 4;
    %store/vec4a v0x7fa45011ffc0, 4, 0;
T_1.22 ;
    %jmp T_1.12;
T_1.6 ;
    %load/vec4 v0x7fa450130330_0;
    %parti/s 1, 16, 6;
    %flag_set/vec4 8;
    %jmp/0xz  T_1.23, 8;
    %load/vec4 v0x7fa450130330_0;
    %parti/s 5, 17, 6;
    %pad/u 7;
    %ix/vec4 4;
    %load/vec4a v0x7fa45011ffc0, 4;
    %load/vec4 v0x7fa450130330_0;
    %parti/s 16, 0, 2;
    %and;
    %load/vec4 v0x7fa450130330_0;
    %parti/s 5, 22, 6;
    %pad/u 7;
    %ix/vec4 4;
    %store/vec4a v0x7fa45011ffc0, 4, 0;
    %jmp T_1.24;
T_1.23 ;
    %load/vec4 v0x7fa450130330_0;
    %parti/s 5, 17, 6;
    %pad/u 7;
    %ix/vec4 4;
    %load/vec4a v0x7fa45011ffc0, 4;
    %load/vec4 v0x7fa450130330_0;
    %parti/s 5, 11, 5;
    %pad/u 7;
    %ix/vec4 4;
    %load/vec4a v0x7fa45011ffc0, 4;
    %and;
    %load/vec4 v0x7fa450130330_0;
    %parti/s 5, 22, 6;
    %pad/u 7;
    %ix/vec4 4;
    %store/vec4a v0x7fa45011ffc0, 4, 0;
T_1.24 ;
    %jmp T_1.12;
T_1.7 ;
    %load/vec4 v0x7fa450130330_0;
    %parti/s 1, 16, 6;
    %flag_set/vec4 8;
    %jmp/0xz  T_1.25, 8;
    %load/vec4 v0x7fa450130330_0;
    %parti/s 5, 17, 6;
    %pad/u 7;
    %ix/vec4 4;
    %load/vec4a v0x7fa45011ffc0, 4;
    %load/vec4 v0x7fa450130330_0;
    %parti/s 16, 0, 2;
    %xor;
    %load/vec4 v0x7fa450130330_0;
    %parti/s 5, 22, 6;
    %pad/u 7;
    %ix/vec4 4;
    %store/vec4a v0x7fa45011ffc0, 4, 0;
    %jmp T_1.26;
T_1.25 ;
    %load/vec4 v0x7fa450130330_0;
    %parti/s 5, 17, 6;
    %pad/u 7;
    %ix/vec4 4;
    %load/vec4a v0x7fa45011ffc0, 4;
    %load/vec4 v0x7fa450130330_0;
    %parti/s 5, 11, 5;
    %pad/u 7;
    %ix/vec4 4;
    %load/vec4a v0x7fa45011ffc0, 4;
    %xor;
    %load/vec4 v0x7fa450130330_0;
    %parti/s 5, 22, 6;
    %pad/u 7;
    %ix/vec4 4;
    %store/vec4a v0x7fa45011ffc0, 4, 0;
T_1.26 ;
    %jmp T_1.12;
T_1.8 ;
    %load/vec4 v0x7fa450130330_0;
    %parti/s 1, 16, 6;
    %flag_set/vec4 8;
    %jmp/0xz  T_1.27, 8;
    %load/vec4 v0x7fa450130330_0;
    %parti/s 5, 17, 6;
    %pad/u 7;
    %ix/vec4 4;
    %load/vec4a v0x7fa45011ffc0, 4;
    %load/vec4 v0x7fa450130330_0;
    %parti/s 16, 0, 2;
    %xnor;
    %load/vec4 v0x7fa450130330_0;
    %parti/s 5, 22, 6;
    %pad/u 7;
    %ix/vec4 4;
    %store/vec4a v0x7fa45011ffc0, 4, 0;
    %jmp T_1.28;
T_1.27 ;
    %load/vec4 v0x7fa450130330_0;
    %parti/s 5, 17, 6;
    %pad/u 7;
    %ix/vec4 4;
    %load/vec4a v0x7fa45011ffc0, 4;
    %load/vec4 v0x7fa450130330_0;
    %parti/s 5, 11, 5;
    %pad/u 7;
    %ix/vec4 4;
    %load/vec4a v0x7fa45011ffc0, 4;
    %xnor;
    %load/vec4 v0x7fa450130330_0;
    %parti/s 5, 22, 6;
    %pad/u 7;
    %ix/vec4 4;
    %store/vec4a v0x7fa45011ffc0, 4, 0;
T_1.28 ;
    %jmp T_1.12;
T_1.9 ;
    %load/vec4 v0x7fa450130330_0;
    %parti/s 1, 16, 6;
    %flag_set/vec4 8;
    %jmp/0xz  T_1.29, 8;
    %load/vec4 v0x7fa450130330_0;
    %parti/s 5, 17, 6;
    %pad/u 7;
    %ix/vec4 4;
    %load/vec4a v0x7fa45011ffc0, 4;
    %load/vec4 v0x7fa450130330_0;
    %parti/s 16, 0, 2;
    %and;
    %inv;
    %load/vec4 v0x7fa450130330_0;
    %parti/s 5, 22, 6;
    %pad/u 7;
    %ix/vec4 4;
    %store/vec4a v0x7fa45011ffc0, 4, 0;
    %jmp T_1.30;
T_1.29 ;
    %load/vec4 v0x7fa450130330_0;
    %parti/s 5, 17, 6;
    %pad/u 7;
    %ix/vec4 4;
    %load/vec4a v0x7fa45011ffc0, 4;
    %load/vec4 v0x7fa450130330_0;
    %parti/s 5, 11, 5;
    %pad/u 7;
    %ix/vec4 4;
    %load/vec4a v0x7fa45011ffc0, 4;
    %and;
    %inv;
    %load/vec4 v0x7fa450130330_0;
    %parti/s 5, 22, 6;
    %pad/u 7;
    %ix/vec4 4;
    %store/vec4a v0x7fa45011ffc0, 4, 0;
T_1.30 ;
    %jmp T_1.12;
T_1.10 ;
    %load/vec4 v0x7fa450130330_0;
    %parti/s 1, 16, 6;
    %flag_set/vec4 8;
    %jmp/0xz  T_1.31, 8;
    %load/vec4 v0x7fa450130330_0;
    %parti/s 5, 17, 6;
    %pad/u 7;
    %ix/vec4 4;
    %load/vec4a v0x7fa45011ffc0, 4;
    %load/vec4 v0x7fa450130330_0;
    %parti/s 16, 0, 2;
    %or;
    %inv;
    %load/vec4 v0x7fa450130330_0;
    %parti/s 5, 22, 6;
    %pad/u 7;
    %ix/vec4 4;
    %store/vec4a v0x7fa45011ffc0, 4, 0;
    %jmp T_1.32;
T_1.31 ;
    %load/vec4 v0x7fa450130330_0;
    %parti/s 5, 17, 6;
    %pad/u 7;
    %ix/vec4 4;
    %load/vec4a v0x7fa45011ffc0, 4;
    %load/vec4 v0x7fa450130330_0;
    %parti/s 5, 11, 5;
    %pad/u 7;
    %ix/vec4 4;
    %load/vec4a v0x7fa45011ffc0, 4;
    %or;
    %inv;
    %load/vec4 v0x7fa450130330_0;
    %parti/s 5, 22, 6;
    %pad/u 7;
    %ix/vec4 4;
    %store/vec4a v0x7fa45011ffc0, 4, 0;
T_1.32 ;
    %jmp T_1.12;
T_1.11 ;
    %load/vec4 v0x7fa450130330_0;
    %parti/s 1, 16, 6;
    %flag_set/vec4 8;
    %jmp/0xz  T_1.33, 8;
    %load/vec4 v0x7fa450130330_0;
    %parti/s 16, 0, 2;
    %inv;
    %load/vec4 v0x7fa450130330_0;
    %parti/s 5, 22, 6;
    %pad/u 7;
    %ix/vec4 4;
    %store/vec4a v0x7fa45011ffc0, 4, 0;
    %jmp T_1.34;
T_1.33 ;
    %load/vec4 v0x7fa450130330_0;
    %parti/s 5, 17, 6;
    %pad/u 7;
    %ix/vec4 4;
    %load/vec4a v0x7fa45011ffc0, 4;
    %inv;
    %load/vec4 v0x7fa450130330_0;
    %parti/s 5, 22, 6;
    %pad/u 7;
    %ix/vec4 4;
    %store/vec4a v0x7fa45011ffc0, 4, 0;
T_1.34 ;
    %jmp T_1.12;
T_1.12 ;
    %pop/vec4 1;
    %jmp T_1;
    .thread T_1, $push;
    .scope S_0x7fa4501201d0;
T_2 ;
    %wait E_0x7fa45011dac0;
    %load/vec4 v0x7fa450130330_0;
    %parti/s 5, 27, 6;
    %cmpi/e 4, 0, 5;
    %jmp/0xz  T_2.0, 4;
    %load/vec4 v0x7fa4501303d0_0;
    %parti/s 1, 15, 5;
    %store/vec4 v0x7fa4501306b0_0, 0, 1;
    %jmp T_2.1;
T_2.0 ;
    %load/vec4 v0x7fa450130330_0;
    %parti/s 5, 22, 6;
    %pad/u 7;
    %ix/vec4 4;
    %load/vec4a v0x7fa45011ffc0, 4;
    %parti/s 1, 15, 5;
    %store/vec4 v0x7fa4501306b0_0, 0, 1;
T_2.1 ;
    %load/vec4 v0x7fa450130330_0;
    %parti/s 5, 27, 6;
    %cmpi/e 2, 0, 5;
    %jmp/0xz  T_2.2, 4;
    %load/vec4 v0x7fa450130330_0;
    %parti/s 1, 16, 6;
    %flag_set/vec4 8;
    %jmp/0xz  T_2.4, 8;
    %load/vec4 v0x7fa450130330_0;
    %parti/s 5, 17, 6;
    %pad/u 7;
    %ix/vec4 4;
    %load/vec4a v0x7fa45011ffc0, 4;
    %pad/u 17;
    %load/vec4 v0x7fa450130330_0;
    %parti/s 16, 0, 2;
    %pad/u 17;
    %add;
    %store/vec4 v0x7fa450130750_0, 0, 17;
    %load/vec4 v0x7fa450130750_0;
    %parti/s 1, 16, 6;
    %store/vec4 v0x7fa450130480_0, 0, 1;
    %jmp T_2.5;
T_2.4 ;
    %load/vec4 v0x7fa450130330_0;
    %parti/s 5, 17, 6;
    %pad/u 7;
    %ix/vec4 4;
    %load/vec4a v0x7fa45011ffc0, 4;
    %pad/u 17;
    %load/vec4 v0x7fa450130330_0;
    %parti/s 5, 11, 5;
    %pad/u 7;
    %ix/vec4 4;
    %load/vec4a v0x7fa45011ffc0, 4;
    %pad/u 17;
    %add;
    %store/vec4 v0x7fa450130750_0, 0, 17;
    %load/vec4 v0x7fa450130750_0;
    %parti/s 1, 16, 6;
    %store/vec4 v0x7fa450130480_0, 0, 1;
T_2.5 ;
    %jmp T_2.3;
T_2.2 ;
    %pushi/vec4 0, 0, 1;
    %store/vec4 v0x7fa450130480_0, 0, 1;
T_2.3 ;
    %load/vec4 v0x7fa450130330_0;
    %parti/s 5, 27, 6;
    %cmpi/e 4, 0, 5;
    %jmp/0xz  T_2.6, 4;
    %load/vec4 v0x7fa4501303d0_0;
    %or/r;
    %load/vec4 v0x7fa450130330_0;
    %parti/s 5, 22, 6;
    %pad/u 7;
    %ix/vec4 4;
    %load/vec4a v0x7fa45011ffc0, 4;
    %or/r;
    %or;
    %inv;
    %store/vec4 v0x7fa450130800_0, 0, 1;
    %jmp T_2.7;
T_2.6 ;
    %load/vec4 v0x7fa450130330_0;
    %parti/s 5, 22, 6;
    %pad/u 7;
    %ix/vec4 4;
    %load/vec4a v0x7fa45011ffc0, 4;
    %or/r;
    %inv;
    %store/vec4 v0x7fa450130800_0, 0, 1;
T_2.7 ;
    %jmp T_2;
    .thread T_2, $push;
# The file index is used to find the file name in the following table.
:file_names 3;
    "N/A";
    "<interactive>";
    "top.v";
